#
# A fatal error has been detected by the Java Runtime Environment:
#
#  EXCEPTION_ACCESS_VIOLATION (0xc0000005) at pc=0x0000000076e9107c, pid=19768, tid=12548
#
# JRE version: Java(TM) SE Runtime Environment (8.0_60-b15) (build 1.8.0_60-ea-b15)
# Java VM: Java HotSpot(TM) 64-Bit Server VM (25.60-b15 mixed mode windows-amd64 compressed oops)
# Problematic frame:
# C  [ntdll.dll+0x5107c]
#
# Failed to write core dump. Minidumps are not enabled by default on client versions of Windows
#
# If you would like to submit a bug report, please visit:
#   http://bugreport.java.com/bugreport/crash.jsp
#

---------------  T H R E A D  ---------------

Current thread (0x000000005b68d000):  Thread [stack: 0x000000005be70000,0x000000005bf70000] [id=11692]

siginfo: ExceptionCode=0xc0000005, reading address 0x000005623c8daf98

Registers:
RAX=0x000000005b11c0d0, RBX=0x000005623c8daf90, RCX=0x000000ffffffffff, RDX=0x0000000000000000
RSP=0x000000005bf6f6b0, RBP=0x000000005af7c400, RSI=0x0000000000000000, RDI=0x0000000000000000
R8 =0x000000005af7c3f0, R9 =0x0000000000000004, R10=0x000000000000004c, R11=0x00002d410002000e
R12=0x00000000023b0000, R13=0x0000000000000000, R14=0x0000000000000000, R15=0x0000000000000000
RIP=0x0000000076e9107c, EFLAGS=0x0000000000010206

Top of Stack: (sp=0x000000005bf6f6b0)
0x000000005bf6f6b0:   0000000000000000 0000000000000000
0x000000005bf6f6c0:   0000000000000000 0000000000000000
0x000000005bf6f6d0:   0000000000000000 000000005b68d000
0x000000005bf6f6e0:   0000000000000000 000007fefcca133c
0x000000005bf6f6f0:   0000000000000000 0000000000000000
0x000000005bf6f700:   0000000000000000 000000005af7c400
0x000000005bf6f710:   0000000000000000 000000005bf6fa90
0x000000005bf6f720:   000000005b68d000 0000000076d41a5a
0x000000005bf6f730:   0000000000000000 0000000000000000
0x000000005bf6f740:   00000000277503aa 000000005b4e8040
0x000000005bf6f750:   000000005b68d000 0000000064dc8d94
0x000000005bf6f760:   000000005b4e8040 0000000000000000
0x000000005bf6f770:   0000000000000000 0000000000000000
0x000000005bf6f780:   000000005b68d000 000000005d22fbd6
0x000000005bf6f790:   000000005b68d000 000000005b68d000
0x000000005bf6f7a0:   0000000000000000 0000000058fdd110 

Instructions: (pc=0x0000000076e9107c)
0x0000000076e9105c:   ff ff 00 00 00 49 33 dc 48 23 c1 48 c1 eb 04 48
0x0000000076e9106c:   33 d8 48 33 1d 53 d3 0d 00 48 c1 e3 04 0f 0d 0b
0x0000000076e9107c:   48 8b 7b 08 49 bd 01 00 00 00 01 00 00 00 49 be
0x0000000076e9108c:   ff 7f 00 00 ff ff ff ff 41 c6 40 0f 80 41 88 70 


Register to memory mapping:

RAX=0x000000005b11c0d0 is an unknown value
RBX=0x000005623c8daf90 is an unknown value
RCX=0x000000ffffffffff is an unknown value
RDX=0x0000000000000000 is an unknown value
RSP=0x000000005bf6f6b0 is an unknown value
RBP=0x000000005af7c400 is an unknown value
RSI=0x0000000000000000 is an unknown value
RDI=0x0000000000000000 is an unknown value
R8 =0x000000005af7c3f0 is an unknown value
R9 =0x0000000000000004 is an unknown value
R10=0x000000000000004c is an unknown value
R11=0x00002d410002000e is an unknown value
R12=0x00000000023b0000 is an unknown value
R13=0x0000000000000000 is an unknown value
R14=0x0000000000000000 is an unknown value
R15=0x0000000000000000 is an unknown value


Stack: [0x000000005be70000,0x000000005bf70000],  sp=0x000000005bf6f6b0,  free space=1021k
Native frames: (J=compiled Java code, j=interpreted, Vv=VM code, C=native code)
C  [ntdll.dll+0x5107c]
C  [kernel32.dll+0x21a5a]
C  [msvcr100.dll+0x68d94]
V  [jvm.dll+0x23fbd6]
V  [jvm.dll+0x240c54]
V  [jvm.dll+0x299bea]
C  [msvcr100.dll+0x21d9f]
C  [msvcr100.dll+0x21e3b]
C  [kernel32.dll+0x159cd]
C  [ntdll.dll+0x2b981]


---------------  P R O C E S S  ---------------

Java Threads: ( => current thread )
  0x00000000591c0000 JavaThread "ReaderThread" [_thread_in_native, id=16136, stack(0x000000005a2f0000,0x000000005a3f0000)]
  0x0000000058fdb000 JavaThread "Service Thread" daemon [_thread_blocked, id=18540, stack(0x000000005a0d0000,0x000000005a1d0000)]
  0x0000000058f5a800 JavaThread "C1 CompilerThread2" daemon [_thread_blocked, id=16360, stack(0x0000000059f30000,0x000000005a030000)]
  0x0000000058f57000 JavaThread "C2 CompilerThread1" daemon [_thread_blocked, id=5704, stack(0x0000000059d10000,0x0000000059e10000)]
  0x0000000058f4f800 JavaThread "C2 CompilerThread0" daemon [_thread_blocked, id=14688, stack(0x0000000059af0000,0x0000000059bf0000)]
  0x0000000058f3f800 JavaThread "JDWP Command Reader" daemon [_thread_in_native, id=9712, stack(0x0000000058b80000,0x0000000058c80000)]
  0x0000000058f3e800 JavaThread "JDWP Event Helper Thread" daemon [_thread_blocked, id=21068, stack(0x0000000059900000,0x0000000059a00000)]
  0x0000000058f38800 JavaThread "JDWP Transport Listener: dt_socket" daemon [_thread_blocked, id=9596, stack(0x00000000596c0000,0x00000000597c0000)]
  0x00000000576db000 JavaThread "Attach Listener" daemon [_thread_blocked, id=11928, stack(0x0000000058e30000,0x0000000058f30000)]
  0x00000000576d8000 JavaThread "Signal Dispatcher" daemon [_thread_blocked, id=12956, stack(0x0000000058cd0000,0x0000000058dd0000)]
  0x0000000057672000 JavaThread "Finalizer" daemon [_thread_blocked, id=17780, stack(0x0000000058a70000,0x0000000058b70000)]
  0x0000000057671000 JavaThread "Reference Handler" daemon [_thread_blocked, id=9856, stack(0x0000000058940000,0x0000000058a40000)]
  0x00000000023be800 JavaThread "main" [_thread_blocked, id=15344, stack(0x0000000002630000,0x0000000002730000)]

Other Threads:
  0x000000005766b800 VMThread [stack: 0x0000000058770000,0x0000000058870000] [id=8636]
  0x0000000058fe3000 WatcherThread [stack: 0x0000000059bf0000,0x0000000059cf0000] [id=14052]

=>0x000000005b68d000 (exited) Thread [stack: 0x000000005be70000,0x000000005bf70000] [id=14580]

VM state:not at safepoint (normal execution)

VM Mutex/Monitor currently owned by a thread: None

Heap:
 PSYoungGen      total 691712K, used 120367K [0x00000000d5a00000, 0x00000000fff00000, 0x0000000100000000)
  eden space 691200K, 17% used [0x00000000d5a00000,0x00000000dcf6bfd8,0x00000000ffd00000)
  from space 512K, 25% used [0x00000000ffe80000,0x00000000ffea0000,0x00000000fff00000)
  to   space 1024K, 0% used [0x00000000ffd00000,0x00000000ffd00000,0x00000000ffe00000)
 ParOldGen       total 87552K, used 7578K [0x0000000080e00000, 0x0000000086380000, 0x00000000d5a00000)
  object space 87552K, 8% used [0x0000000080e00000,0x0000000081566ad8,0x0000000086380000)
 Metaspace       used 5913K, capacity 6000K, committed 6144K, reserved 1056768K
  class space    used 632K, capacity 660K, committed 768K, reserved 1048576K

Card table byte_map: [0x0000000011dc0000,0x00000000121c0000] byte_map_base: 0x00000000119b9000

Marking Bits: (ParMarkBitMap*) 0x000000005d7fa3e0
 Begin Bits: [0x0000000012950000, 0x0000000014918000)
 End Bits:   [0x0000000014918000, 0x00000000168e0000)

Polling page: 0x00000000001d0000

CodeCache: size=245760Kb used=3742Kb max_used=3766Kb free=242017Kb
 bounds [0x0000000002a00000, 0x0000000002dc0000, 0x0000000011a00000]
 total_blobs=1195 nmethods=896 adapters=220
 compilation: enabled

Compilation events (10 events):
Event: 60.399 Thread 0x0000000058f4f800  904       4       java.util.concurrent.ThreadPoolExecutor::execute (132 bytes)
Event: 60.401 Thread 0x0000000058f57000  905       4       java.util.Random::nextInt (74 bytes)
Event: 60.403 Thread 0x0000000058f57000 nmethod 905 0x0000000002d922d0 code [0x0000000002d92420, 0x0000000002d92618]
Event: 60.404 Thread 0x0000000058f57000  906   !   4       java.util.concurrent.FutureTask::run (126 bytes)
Event: 60.407 Thread 0x0000000058f57000 nmethod 906 0x0000000002b0a650 code [0x0000000002b0a7e0, 0x0000000002b0ab30]
Event: 60.537 Thread 0x0000000058f57000  907   !   4       java.util.concurrent.ThreadPoolExecutor::getTask (179 bytes)
Event: 60.540 Thread 0x0000000058f4f800 nmethod 904 0x0000000002dac750 code [0x0000000002dacba0, 0x0000000002db2150]
Event: 60.549 Thread 0x0000000058f57000 nmethod 907 0x0000000002daa890 code [0x0000000002daaa80, 0x0000000002dab7e0]
Event: 60.580 Thread 0x0000000058f4f800  908       4       java.lang.ref.ReferenceQueue::reallyPoll (66 bytes)
Event: 60.581 Thread 0x0000000058f4f800 nmethod 908 0x0000000002afe490 code [0x0000000002afe5e0, 0x0000000002afe718]

GC Heap History (10 events):
Event: 60.165 GC heap before
{Heap before GC invocations=44 (full 0):
 PSYoungGen      total 691712K, used 690272K [0x00000000d5a00000, 0x0000000100000000, 0x0000000100000000)
  eden space 690176K, 100% used [0x00000000d5a00000,0x00000000ffc00000,0x00000000ffc00000)
  from space 1536K, 6% used [0x00000000ffc00000,0x00000000ffc18000,0x00000000ffd80000)
  to   space 1536K, 0% used [0x00000000ffe80000,0x00000000ffe80000,0x0000000100000000)
 ParOldGen       total 87552K, used 7250K [0x0000000080e00000, 0x0000000086380000, 0x00000000d5a00000)
  object space 87552K, 8% used [0x0000000080e00000,0x0000000081514ad8,0x0000000086380000)
 Metaspace       used 5913K, capacity 6000K, committed 6144K, reserved 1056768K
  class space    used 632K, capacity 660K, committed 768K, reserved 1048576K
Event: 60.182 GC heap after
Heap after GC invocations=44 (full 0):
 PSYoungGen      total 692736K, used 96K [0x00000000d5a00000, 0x0000000100000000, 0x0000000100000000)
  eden space 691200K, 0% used [0x00000000d5a00000,0x00000000d5a00000,0x00000000ffd00000)
  from space 1536K, 6% used [0x00000000ffe80000,0x00000000ffe98000,0x0000000100000000)
  to   space 1536K, 0% used [0x00000000ffd00000,0x00000000ffd00000,0x00000000ffe80000)
 ParOldGen       total 87552K, used 7258K [0x0000000080e00000, 0x0000000086380000, 0x00000000d5a00000)
  object space 87552K, 8% used [0x0000000080e00000,0x0000000081516ad8,0x0000000086380000)
 Metaspace       used 5913K, capacity 6000K, committed 6144K, reserved 1056768K
  class space    used 632K, capacity 660K, committed 768K, reserved 1048576K
}
Event: 60.248 GC heap before
{Heap before GC invocations=45 (full 0):
 PSYoungGen      total 692736K, used 691296K [0x00000000d5a00000, 0x0000000100000000, 0x0000000100000000)
  eden space 691200K, 100% used [0x00000000d5a00000,0x00000000ffd00000,0x00000000ffd00000)
  from space 1536K, 6% used [0x00000000ffe80000,0x00000000ffe98000,0x0000000100000000)
  to   space 1536K, 0% used [0x00000000ffd00000,0x00000000ffd00000,0x00000000ffe80000)
 ParOldGen       total 87552K, used 7258K [0x0000000080e00000, 0x0000000086380000, 0x00000000d5a00000)
  object space 87552K, 8% used [0x0000000080e00000,0x0000000081516ad8,0x0000000086380000)
 Metaspace       used 5913K, capacity 6000K, committed 6144K, reserved 1056768K
  class space    used 632K, capacity 660K, committed 768K, reserved 1048576K
Event: 60.249 GC heap after
Heap after GC invocations=45 (full 0):
 PSYoungGen      total 692736K, used 160K [0x00000000d5a00000, 0x0000000100000000, 0x0000000100000000)
  eden space 691200K, 0% used [0x00000000d5a00000,0x00000000d5a00000,0x00000000ffd00000)
  from space 1536K, 10% used [0x00000000ffd00000,0x00000000ffd28000,0x00000000ffe80000)
  to   space 1536K, 0% used [0x00000000ffe80000,0x00000000ffe80000,0x0000000100000000)
 ParOldGen       total 87552K, used 7266K [0x0000000080e00000, 0x0000000086380000, 0x00000000d5a00000)
  object space 87552K, 8% used [0x0000000080e00000,0x0000000081518ad8,0x0000000086380000)
 Metaspace       used 5913K, capacity 6000K, committed 6144K, reserved 1056768K
  class space    used 632K, capacity 660K, committed 768K, reserved 1048576K
}
Event: 60.377 GC heap before
{Heap before GC invocations=46 (full 0):
 PSYoungGen      total 692736K, used 691360K [0x00000000d5a00000, 0x0000000100000000, 0x0000000100000000)
  eden space 691200K, 100% used [0x00000000d5a00000,0x00000000ffd00000,0x00000000ffd00000)
  from space 1536K, 10% used [0x00000000ffd00000,0x00000000ffd28000,0x00000000ffe80000)
  to   space 1536K, 0% used [0x00000000ffe80000,0x00000000ffe80000,0x0000000100000000)
 ParOldGen       total 87552K, used 7266K [0x0000000080e00000, 0x0000000086380000, 0x00000000d5a00000)
  object space 87552K, 8% used [0x0000000080e00000,0x0000000081518ad8,0x0000000086380000)
 Metaspace       used 5913K, capacity 6000K, committed 6144K, reserved 1056768K
  class space    used 632K, capacity 660K, committed 768K, reserved 1048576K
Event: 60.381 GC heap after
Heap after GC invocations=46 (full 0):
 PSYoungGen      total 692736K, used 448K [0x00000000d5a00000, 0x0000000100000000, 0x0000000100000000)
  eden space 691200K, 0% used [0x00000000d5a00000,0x00000000d5a00000,0x00000000ffd00000)
  from space 1536K, 29% used [0x00000000ffe80000,0x00000000ffef0000,0x0000000100000000)
  to   space 1536K, 0% used [0x00000000ffd00000,0x00000000ffd00000,0x00000000ffe80000)
 ParOldGen       total 87552K, used 7274K [0x0000000080e00000, 0x0000000086380000, 0x00000000d5a00000)
  object space 87552K, 8% used [0x0000000080e00000,0x000000008151aad8,0x0000000086380000)
 Metaspace       used 5913K, capacity 6000K, committed 6144K, reserved 1056768K
  class space    used 632K, capacity 660K, committed 768K, reserved 1048576K
}
Event: 60.458 GC heap before
{Heap before GC invocations=47 (full 0):
 PSYoungGen      total 692736K, used 691648K [0x00000000d5a00000, 0x0000000100000000, 0x0000000100000000)
  eden space 691200K, 100% used [0x00000000d5a00000,0x00000000ffd00000,0x00000000ffd00000)
  from space 1536K, 29% used [0x00000000ffe80000,0x00000000ffef0000,0x0000000100000000)
  to   space 1536K, 0% used [0x00000000ffd00000,0x00000000ffd00000,0x00000000ffe80000)
 ParOldGen       total 87552K, used 7274K [0x0000000080e00000, 0x0000000086380000, 0x00000000d5a00000)
  object space 87552K, 8% used [0x0000000080e00000,0x000000008151aad8,0x0000000086380000)
 Metaspace       used 5913K, capacity 6000K, committed 6144K, reserved 1056768K
  class space    used 632K, capacity 660K, committed 768K, reserved 1048576K
Event: 60.468 GC heap after
Heap after GC invocations=47 (full 0):
 PSYoungGen      total 692736K, used 160K [0x00000000d5a00000, 0x0000000100000000, 0x0000000100000000)
  eden space 691200K, 0% used [0x00000000d5a00000,0x00000000d5a00000,0x00000000ffd00000)
  from space 1536K, 10% used [0x00000000ffd00000,0x00000000ffd28000,0x00000000ffe80000)
  to   space 1536K, 0% used [0x00000000ffe80000,0x00000000ffe80000,0x0000000100000000)
 ParOldGen       total 87552K, used 7570K [0x0000000080e00000, 0x0000000086380000, 0x00000000d5a00000)
  object space 87552K, 8% used [0x0000000080e00000,0x0000000081564ad8,0x0000000086380000)
 Metaspace       used 5913K, capacity 6000K, committed 6144K, reserved 1056768K
  class space    used 632K, capacity 660K, committed 768K, reserved 1048576K
}
Event: 60.563 GC heap before
{Heap before GC invocations=48 (full 0):
 PSYoungGen      total 692736K, used 691360K [0x00000000d5a00000, 0x0000000100000000, 0x0000000100000000)
  eden space 691200K, 100% used [0x00000000d5a00000,0x00000000ffd00000,0x00000000ffd00000)
  from space 1536K, 10% used [0x00000000ffd00000,0x00000000ffd28000,0x00000000ffe80000)
  to   space 1536K, 0% used [0x00000000ffe80000,0x00000000ffe80000,0x0000000100000000)
 ParOldGen       total 87552K, used 7570K [0x0000000080e00000, 0x0000000086380000, 0x00000000d5a00000)
  object space 87552K, 8% used [0x0000000080e00000,0x0000000081564ad8,0x0000000086380000)
 Metaspace       used 5913K, capacity 6000K, committed 6144K, reserved 1056768K
  class space    used 632K, capacity 660K, committed 768K, reserved 1048576K
Event: 60.579 GC heap after
Heap after GC invocations=48 (full 0):
 PSYoungGen      total 691712K, used 128K [0x00000000d5a00000, 0x00000000fff00000, 0x0000000100000000)
  eden space 691200K, 0% used [0x00000000d5a00000,0x00000000d5a00000,0x00000000ffd00000)
  from space 512K, 25% used [0x00000000ffe80000,0x00000000ffea0000,0x00000000fff00000)
  to   space 1024K, 0% used [0x00000000ffd00000,0x00000000ffd00000,0x00000000ffe00000)
 ParOldGen       total 87552K, used 7578K [0x0000000080e00000, 0x0000000086380000, 0x00000000d5a00000)
  object space 87552K, 8% used [0x0000000080e00000,0x0000000081566ad8,0x0000000086380000)
 Metaspace       used 5913K, capacity 6000K, committed 6144K, reserved 1056768K
  class space    used 632K, capacity 660K, committed 768K, reserved 1048576K
}

Deoptimization events (10 events):
Event: 0.656 Thread 0x00000000023be800 Uncommon trap: reason=unstable_if action=reinterpret pc=0x0000000002c72eec method=de.rwth.lofip.library.solver.util.ResourceExtensionFunction.getFirstCustomer()Lde/rwth/lofip/library/AbstractPointInSpace; @ 16
Event: 0.748 Thread 0x00000000023be800 Uncommon trap: reason=unstable_if action=reinterpret pc=0x0000000002c92768 method=de.rwth.lofip.library.solver.metaheuristics.neighborhoods.CrossNeighborhood.generateNextCombinationOfSegements()V @ 4
Event: 1.424 Thread 0x00000000023be800 Uncommon trap: reason=unstable_if action=reinterpret pc=0x0000000002c8af14 method=java.util.Arrays.copyOf([Ljava/lang/Object;ILjava/lang/Class;)[Ljava/lang/Object; @ 3
Event: 1.549 Thread 0x000000005acaa800 Uncommon trap: reason=unstable_if action=reinterpret pc=0x0000000002d0ca94 method=java.util.concurrent.locks.ReentrantLock$Sync.nonfairTryAcquire(I)Z @ 34
Event: 1.652 Thread 0x00000000023be800 Uncommon trap: reason=class_check action=maybe_recompile pc=0x0000000002cc5600 method=de.rwth.lofip.library.solver.metaheuristics.neighborhoods.CrossNeighborhood.generateMovesUsingRefs(I)V @ 47
Event: 1.654 Thread 0x00000000023be800 Uncommon trap: reason=unstable_if action=reinterpret pc=0x0000000002cba8f4 method=de.rwth.lofip.library.solver.metaheuristics.neighborhoods.CrossNeighborhood.generateMovesUsingRefs(I)V @ 36
Event: 2.504 Thread 0x00000000023be800 Uncommon trap: reason=class_check action=maybe_recompile pc=0x0000000002cc5600 method=de.rwth.lofip.library.solver.metaheuristics.neighborhoods.CrossNeighborhood.generateMovesUsingRefs(I)V @ 47
Event: 58.849 Thread 0x00000000023be800 Uncommon trap: reason=class_check action=maybe_recompile pc=0x0000000002cc5600 method=de.rwth.lofip.library.solver.metaheuristics.neighborhoods.CrossNeighborhood.generateMovesUsingRefs(I)V @ 47
Event: 59.542 Thread 0x00000000023be800 Uncommon trap: reason=class_check action=maybe_recompile pc=0x0000000002cc5600 method=de.rwth.lofip.library.solver.metaheuristics.neighborhoods.CrossNeighborhood.generateMovesUsingRefs(I)V @ 47
Event: 59.543 Thread 0x00000000023be800 Uncommon trap: reason=unstable_if action=reinterpret pc=0x0000000002d42908 method=de.rwth.lofip.library.solver.metaheuristics.neighborhoods.CrossNeighborhood.generateMovesUsingRefs(I)V @ 50

Internal exceptions (9 events):
Event: 0.032 Thread 0x00000000023be800 Exception <a 'java/lang/NoSuchMethodError': Method sun.misc.Unsafe.defineClass(Ljava/lang/String;[BII)Ljava/lang/Class; name or signature does not match> (0x00000000d5a0e7a0) thrown at [C:\workspace\8-2-build-windows-amd64-cygwin\jdk8u60\3722.nc\hotspot\srd-|’å†?
Event: 0.032 Thread 0x00000000023be800 Exception <a 'java/lang/NoSuchMethodError': Method sun.misc.Unsafe.prefetchRead(Ljava/lang/Object;J)V name or signature does not match> (0x00000000d5a0ea88) thrown at [C:\workspace\8-2-build-windows-amd64-cygwin\jdk8u60\3722.nc\hotspot\src\share\vm\prims\jDÅ)]L‰√?
Event: 0.155 Thread 0x0000000058fde000 Exception <a 'java/security/PrivilegedActionException'> (0x00000000d5b9c498) thrown at [C:\workspace\8-2-build-windows-amd64-cygwin\jdk8u60\3722.nc\hotspot\src\share\vm\prims\jvm.cpp, line 1382]
Event: 0.155 Thread 0x0000000058fde000 Exception <a 'java/security/PrivilegedActionException'> (0x00000000d5b9c890) thrown at [C:\workspace\8-2-build-windows-amd64-cygwin\jdk8u60\3722.nc\hotspot\src\share\vm\prims\jvm.cpp, line 1382]
Event: 0.156 Thread 0x0000000058fde000 Exception <a 'java/security/PrivilegedActionException'> (0x00000000d5ba0808) thrown at [C:\workspace\8-2-build-windows-amd64-cygwin\jdk8u60\3722.nc\hotspot\src\share\vm\prims\jvm.cpp, line 1382]
Event: 0.156 Thread 0x0000000058fde000 Exception <a 'java/security/PrivilegedActionException'> (0x00000000d5ba0c00) thrown at [C:\workspace\8-2-build-windows-amd64-cygwin\jdk8u60\3722.nc\hotspot\src\share\vm\prims\jvm.cpp, line 1382]
Event: 0.167 Thread 0x00000000023be800 Exception <a 'java/security/PrivilegedActionException'> (0x00000000d5caa9a0) thrown at [C:\workspace\8-2-build-windows-amd64-cygwin\jdk8u60\3722.nc\hotspot\src\share\vm\prims\jvm.cpp, line 1382]
Event: 0.167 Thread 0x00000000023be800 Exception <a 'java/security/PrivilegedActionException'> (0x00000000d5caabb0) thrown at [C:\workspace\8-2-build-windows-amd64-cygwin\jdk8u60\3722.nc\hotspot\src\share\vm\prims\jvm.cpp, line 1382]
Event: 0.610 Thread 0x00000000023be800 Implicit null exception at 0x0000000002c32d85 to 0x0000000002c32f99

Events (10 events):
Event: 60.581 Thread 0x000000005b68d000 Thread exited: 0x000000005b68d000
Event: 60.583 Thread 0x000000005b68d000 Thread added: 0x000000005b68d000
Event: 60.583 Thread 0x000000005b68d000 Thread exited: 0x000000005b68d000
Event: 60.583 Thread 0x000000005b68e000 Thread exited: 0x000000005b68e000
Event: 60.583 Thread 0x000000005b68e000 Thread added: 0x000000005b68e000
Event: 60.584 Thread 0x000000005b68e000 Thread exited: 0x000000005b68e000
Event: 60.584 Thread 0x000000005b68e000 Thread added: 0x000000005b68e000
Event: 60.584 Thread 0x000000005b68d000 Thread added: 0x000000005b68d000
Event: 60.584 Thread 0x000000005b68e000 Thread exited: 0x000000005b68e000
Event: 60.584 Thread 0x000000005b68d000 Thread exited: 0x000000005b68d000


Dynamic libraries:
0x000000013f5f0000 - 0x000000013f627000 	C:\Program Files\Java\jre1.8.0_60\bin\javaw.exe
0x0000000076e40000 - 0x0000000076fe9000 	C:\Windows\SYSTEM32\ntdll.dll
0x0000000076d20000 - 0x0000000076e3f000 	C:\Windows\system32\kernel32.dll
0x000007fefcca0000 - 0x000007fefcd0c000 	C:\Windows\system32\KERNELBASE.dll
0x000007fefd0d0000 - 0x000007fefd1ab000 	C:\Windows\system32\ADVAPI32.dll
0x000007fefd1b0000 - 0x000007fefd24f000 	C:\Windows\system32\msvcrt.dll
0x000007feff130000 - 0x000007feff14f000 	C:\Windows\SYSTEM32\sechost.dll
0x000007fefdc30000 - 0x000007fefdd5d000 	C:\Windows\system32\RPCRT4.dll
0x0000000076c20000 - 0x0000000076d1a000 	C:\Windows\system32\USER32.dll
0x000007fefd8e0000 - 0x000007fefd947000 	C:\Windows\system32\GDI32.dll
0x000007fefdba0000 - 0x000007fefdbae000 	C:\Windows\system32\LPK.dll
0x000007fefee70000 - 0x000007fefef39000 	C:\Windows\system32\USP10.dll
0x000007fefb1d0000 - 0x000007fefb3c4000 	C:\Windows\WinSxS\amd64_microsoft.windows.common-controls_6595b64144ccf1df_6.0.7601.18807_none_fa381d5f175bfb52\COMCTL32.dll
0x000007fefdbb0000 - 0x000007fefdc21000 	C:\Windows\system32\SHLWAPI.dll
0x000007fefee20000 - 0x000007fefee4e000 	C:\Windows\system32\IMM32.DLL
0x000007fefcfc0000 - 0x000007fefd0c9000 	C:\Windows\system32\MSCTF.dll
0x0000000074950000 - 0x0000000074988000 	C:\PROGRA~2\Sophos\SOPHOS~1\SOPHOS~2.DLL
0x0000000077010000 - 0x0000000077017000 	C:\Windows\system32\PSAPI.DLL
0x0000000064d60000 - 0x0000000064e32000 	C:\Program Files\Java\jre1.8.0_60\bin\msvcr100.dll
0x000000005cff0000 - 0x000000005d879000 	C:\Program Files\Java\jre1.8.0_60\bin\server\jvm.dll
0x000007fefa2f0000 - 0x000007fefa2f9000 	C:\Windows\system32\WSOCK32.dll
0x000007fefd250000 - 0x000007fefd29d000 	C:\Windows\system32\WS2_32.dll
0x000007fefd7f0000 - 0x000007fefd7f8000 	C:\Windows\system32\NSI.dll
0x000007fefacf0000 - 0x000007fefad2b000 	C:\Windows\system32\WINMM.dll
0x000007fefbd60000 - 0x000007fefbd6c000 	C:\Windows\system32\VERSION.dll
0x0000000072b70000 - 0x0000000072b7f000 	C:\Program Files\Java\jre1.8.0_60\bin\verify.dll
0x00000000710a0000 - 0x00000000710c9000 	C:\Program Files\Java\jre1.8.0_60\bin\java.dll
0x0000000070a00000 - 0x0000000070a35000 	C:\Program Files\Java\jre1.8.0_60\bin\jdwp.dll
0x00000000709b0000 - 0x00000000709b8000 	C:\Program Files\Java\jre1.8.0_60\bin\npt.dll
0x0000000072b50000 - 0x0000000072b66000 	C:\Program Files\Java\jre1.8.0_60\bin\zip.dll
0x000007fefdd60000 - 0x000007fefeae9000 	C:\Windows\system32\SHELL32.dll
0x000007fefeaf0000 - 0x000007fefecf3000 	C:\Windows\system32\ole32.dll
0x000007fefcc10000 - 0x000007fefcc1f000 	C:\Windows\system32\profapi.dll
0x0000000071110000 - 0x0000000071119000 	C:\Program Files\Java\jre1.8.0_60\bin\dt_socket.dll
0x000007fefb030000 - 0x000007fefb045000 	C:\Windows\system32\NLAapi.dll
0x000007fef89a0000 - 0x000007fef89b5000 	C:\Windows\system32\napinsp.dll
0x000007fef89c0000 - 0x000007fef89d9000 	C:\Windows\system32\pnrpnsp.dll
0x000007fefc380000 - 0x000007fefc3d5000 	C:\Windows\System32\mswsock.dll
0x000007fefc200000 - 0x000007fefc25b000 	C:\Windows\system32\DNSAPI.dll
0x000007fef8260000 - 0x000007fef826b000 	C:\Windows\System32\winrnr.dll
0x000007fefba80000 - 0x000007fefbaa7000 	C:\Windows\system32\IPHLPAPI.DLL
0x000007fefbd50000 - 0x000007fefbd5b000 	C:\Windows\system32\WINNSI.DLL
0x000007fef8e80000 - 0x000007fef8ed3000 	C:\Windows\System32\fwpuclnt.dll
0x000007fef8a10000 - 0x000007fef8a18000 	C:\Windows\system32\rasadhlp.dll
0x000007fefbd70000 - 0x000007fefbd9d000 	C:\ProgramData\Sophos\Web Intelligence\swi_ifslsp_64.dll
0x000007fefbd40000 - 0x000007fefbd47000 	C:\Windows\System32\wshtcpip.dll
0x00000000710e0000 - 0x00000000710fa000 	C:\Program Files\Java\jre1.8.0_60\bin\net.dll
0x000007fefc370000 - 0x000007fefc377000 	C:\Windows\System32\wship6.dll
0x000007fef6460000 - 0x000007fef6585000 	C:\Windows\system32\dbghelp.dll

VM Arguments:
jvm_args: -agentlib:jdwp=transport=dt_socket,suspend=y,address=localhost:59661 -Dfile.encoding=Cp1252 
java_command: org.eclipse.jdt.internal.junit.runner.RemoteTestRunner -version 3 -port 59660 -testLoaderClass org.eclipse.jdt.internal.junit4.runner.JUnit4TestLoader -loaderpluginname org.eclipse.jdt.junit4.runtime -test de.rwth.lofip.cli.RunAdaptiveMemorySearchWithSolomonInstances:TestAdaptiveMemorySearchOnSolomonInstanceRC103
java_class_path (initial): C:\Users\Andreas\Dropbox\Uni\Diss\Code\vrp-lib\target\test-classes;C:\Users\Andreas\Dropbox\Uni\Diss\Code\vrp-lib\target\classes;C:\Users\Andreas\.m2\repository\commons-io\commons-io\2.4\commons-io-2.4.jar;C:\Users\Andreas\.m2\repository\org\apache\commons\commons-lang3\3.1\commons-lang3-3.1.jar;C:\Users\Andreas\.m2\repository\org\apache\logging\log4j\log4j-api\2.1\log4j-api-2.1.jar;C:\Users\Andreas\.m2\repository\org\apache\logging\log4j\log4j-core\2.1\log4j-core-2.1.jar;C:\Users\Andreas\.m2\repository\org\apache\commons\commons-math3\3.0\commons-math3-3.0.jar;C:\Users\Andreas\.m2\repository\org\testng\testng\6.8\testng-6.8.jar;C:\Users\Andreas\.m2\repository\junit\junit\4.10\junit-4.10.jar;C:\Users\Andreas\.m2\repository\org\hamcrest\hamcrest-core\1.1\hamcrest-core-1.1.jar;C:\Users\Andreas\.m2\repository\org\beanshell\bsh\2.0b4\bsh-2.0b4.jar;C:\Users\Andreas\.m2\repository\com\beust\jcommander\1.27\jcommander-1.27.jar;C:\Users\Andreas\.m2\repository\org\yaml\snakeyaml\1.6\snakeyaml-1.6.jar;C:\Users\Andreas\.m2\repository\com\google\guava\guava\14.0.1\guava-14.0.1.jar;C:\Users\Andreas\.m2\repository\commons-configuration\commons-configuration\1.9\commons-configuration-1.9.jar;C:\Users\Andreas\.m2\repository\commons-lang\commons-lang\2.6\commons-lang-2.6.jar;C:\Users\Andreas\.m2\repository\commons-logging\commons-logging\1.1.1\commons-logging-1.1.1.jar;C:\Users\Andreas\.m2\repository\org\uncommons\maths\uncommons-maths\1.2.2a\uncommons-maths-1.2.2a.jar;C:\Users\Andreas\.m2\repository\jfree\jcommon\1.0.12\jcommon-1.0.12.jar;C:\Users\Andreas\.m2\repository\jfree\jfreechart\1.0.8a\jfreechart-1.0.8a.jar;C:\Users\Andreas\.m2\repository\com\sun\xml\bind\jaxb-impl\2.2.6\jaxb-impl-2.2.6.jar;C:\Users\Andreas\.m2\repository\com\fasterxml\jackson\core\jackson-core\2.4.2\jackson-core-2.4.2.jar;C:\Users\Andreas\.m2\repository\com\fasterxml\jackson\core\jackson-databind\2.4.2\jackson-databind-2.4.2.jar;C:\Users\Andreas\.m2\repository\com\fasterxml\jac
Launcher Type: SUN_STANDARD

Environment Variables:
PATH=C:/Program Files/Java/jre1.8.0_60/bin/server;C:/Program Files/Java/jre1.8.0_60/bin;C:/Program Files/Java/jre1.8.0_60/lib/amd64;C:\ProgramData\Oracle\Java\javapath;C:\Program Files (x86)\MiKTeX 2.9\miktex\bin;C:\Windows\system32;C:\Windows;C:\Windows\System32\Wbem;C:\Windows\System32\WindowsPowerShell\v1.0\;c:\Program Files (x86)\Microsoft SQL Server\90\Tools\binn\;C:\Program Files\TortoiseSVN\bin;C:\Users\Andreas\Dropbox\Uni\Diss\Code;C:\Program Files\TortoiseGit\bin;C:\Users\Andreas\Desktop\eclipse;
USERNAME=Andreas
OS=Windows_NT
PROCESSOR_IDENTIFIER=Intel64 Family 6 Model 42 Stepping 7, GenuineIntel



---------------  S Y S T E M  ---------------

OS: Windows 7 , 64 bit Build 7601 (6.1.7601.18839)

CPU:total 4 (4 cores per cpu, 1 threads per core) family 6 model 42 stepping 7, cmov, cx8, fxsr, mmx, sse, sse2, sse3, ssse3, sse4.1, sse4.2, popcnt, avx, aes, clmul, tsc, tscinvbit

Memory: 4k page, physical 8327540k(2783548k free), swap 16653244k(10494372k free)

vm_info: Java HotSpot(TM) 64-Bit Server VM (25.60-b15) for windows-amd64 JRE (1.8.0_60-ea-b15), built on May 12 2015 19:52:20 by "java_re" with MS VC++ 10.0 (VS2010)

time: Wed May 20 15:05:05 2015
elapsed time: 60 seconds (0d 0h 1m 0s)

